This is LuaTeX, Version 1.0.4 (TeX Live 2017/Debian)  (format=lualatex 2018.7.29)  8 SEP 2018 11:30
 restricted system commands enabled.
**"folleto - fuentes.tex"
("./folleto - fuentes.tex"
LaTeX2e <2017-04-15>
Lua module: luaotfload-main 2017/01/29 2.80001 OpenType layout system.
Lua module: lualibs 2017-02-01 2.5 ConTeXt Lua standard libraries.
Lua module: lualibs-extended 2017-02-01 2.5 ConTeXt Lua libraries -- extended co
llection.(using write cache: /home/rafael/.texlive2017/texmf-var/luatex-cache/ge
neric)(using read cache: /var/lib/texmf/luatex-cache/generic /home/rafael/.texli
ve2017/texmf-var/luatex-cache/generic)
luaotfload | conf : Root cache directory is /home/rafael/.texlive2017/texmf-var/
luatex-cache/generic/names.
luaotfload | init : Loading fontloader “fontloader-2017-02-11.lua” from kpse
-resolved path “/usr/share/texlive/texmf-dist/tex/luatex/luaotfload/fontloader
-2017-02-11.lua”.
Lua-only attribute luaotfload@state = 1
Lua-only attribute luaotfload@noligature = 2
Lua-only attribute luaotfload@syllabe = 3
luaotfload | init : Context OpenType loader version “3.027”
Inserting `luaotfload.node_processor' at position 1 in `pre_linebreak_filter'.
Inserting `luaotfload.node_processor' at position 1 in `hpack_filter'.
Inserting `luaotfload.define_font' at position 1 in `define_font'.
Lua-only attribute luaotfload_color_attribute = 4
luaotfload | conf : Root cache directory is /home/rafael/.texlive2017/texmf-var/
luatex-cache/generic/names.
Inserting `luaotfload.aux.set_sscale_dimens' at position 1 in `luaotfload.patch_
font'.
Inserting `luaotfload.aux.patch_cambria_domh' at position 2 in `luaotfload.patch
_font'.
Inserting `luaotfload.aux.fixup_fontdata' at position 1 in `luaotfload.patch_fon
t_unsafe'.
Inserting `luaotfload.aux.set_capheight' at position 3 in `luaotfload.patch_font
'.
Inserting `luaotfload.rewrite_fontname' at position 4 in `luaotfload.patch_font'
.
luaotfload | main : initialization completed in 0.108 seconds
Babel <3.18> and hyphenation patterns for 1 language(s) loaded.
(/usr/share/texlive/texmf-dist/tex/latex/base/article.cls
Document Class: article 2014/09/29 v1.4h Standard LaTeX document class
(/usr/share/texlive/texmf-dist/tex/latex/base/size12.clo
File: size12.clo 2014/09/29 v1.4h Standard LaTeX file (size option)
luaotfload | db : Font names database loaded from /home/rafael/.texlive2017/texm
f-var/luatex-cache/generic/names/luaotfload-names.luc(load luc: /home/rafael/.te
xlive2017/texmf-var/luatex-cache/generic/fonts/otl/lmroman12-regular.luc))
\c@part=\count79
\c@section=\count80
\c@subsection=\count81
\c@subsubsection=\count82
\c@paragraph=\count83
\c@subparagraph=\count84
\c@figure=\count85
\c@table=\count86
\abovecaptionskip=\skip41
\belowcaptionskip=\skip42
\bibindent=\dimen102
) (/usr/share/texlive/texmf-dist/tex/latex/base/inputenc.sty
Package: inputenc 2015/03/17 v1.2c Input encoding file
\inpenc@prehook=\toks14
\inpenc@posthook=\toks15


Package inputenc Warning: inputenc package ignored with utf8 based engines.

) (/usr/share/texlive/texmf-dist/tex/latex/geometry/geometry.sty
Package: geometry 2010/09/12 v5.6 Page Geometry

(/usr/share/texlive/texmf-dist/tex/latex/graphics/keyval.sty
Package: keyval 2014/10/28 v1.15 key=value parser (DPC)
\KV@toks@=\toks16
)
(/usr/share/texlive/texmf-dist/tex/generic/oberdiek/ifpdf.sty
Package: ifpdf 2017/03/15 v3.2 Provides the ifpdf switch
)
(/usr/share/texlive/texmf-dist/tex/generic/oberdiek/ifvtex.sty
Package: ifvtex 2016/05/16 v1.6 Detect VTeX and its facilities (HO)
Package ifvtex Info: VTeX not detected.
)
(/usr/share/texlive/texmf-dist/tex/generic/ifxetex/ifxetex.sty
Package: ifxetex 2010/09/12 v0.6 Provides ifxetex conditional
)
\Gm@cnth=\count87
\Gm@cntv=\count88
\c@Gm@tempcnt=\count89
\Gm@bindingoffset=\dimen103
\Gm@wd@mp=\dimen104
\Gm@odd@mp=\dimen105
\Gm@even@mp=\dimen106
\Gm@layoutwidth=\dimen107
\Gm@layoutheight=\dimen108
\Gm@layouthoffset=\dimen109
\Gm@layoutvoffset=\dimen110
\Gm@dimlist=\toks17
)
(/usr/share/texlive/texmf-dist/tex/latex/tools/multicol.sty
Package: multicol 2017/04/11 v1.8q multicolumn formatting (FMi)
\c@tracingmulticols=\count90
\mult@box=\box26
\multicol@leftmargin=\dimen111
\c@unbalance=\count91
\c@collectmore=\count92
\doublecol@number=\count93
\multicoltolerance=\count94
\multicolpretolerance=\count95
\full@width=\dimen112
\page@free=\dimen113
\premulticols=\dimen114
\postmulticols=\dimen115
\multicolsep=\skip43
\multicolbaselineskip=\skip44
\partial@page=\box27
\last@line=\box28
\maxbalancingoverflow=\dimen116
\mult@rightbox=\box29
\mult@grightbox=\box30
\mult@gfirstbox=\box31
\mult@firstbox=\box32
\@tempa=\box33
\@tempa=\box34
\@tempa=\box35
\@tempa=\box36
\@tempa=\box37
\@tempa=\box38
\@tempa=\box39
\@tempa=\box40
\@tempa=\box41
\@tempa=\box42
\@tempa=\box43
\@tempa=\box44
\@tempa=\box45
\@tempa=\box46
\@tempa=\box47
\@tempa=\box48
\@tempa=\box49
\c@columnbadness=\count96
\c@finalcolumnbadness=\count97
\last@try=\dimen117
\multicolovershoot=\dimen118
\multicolundershoot=\dimen119
\mult@nat@firstbox=\box50
\colbreak@box=\box51
\mc@col@check@num=\count98
)
(/usr/share/texlive/texmf-dist/tex/latex/listings/listings.sty
\lst@mode=\count99
\lst@gtempboxa=\box52
\lst@token=\toks18
\lst@length=\count100
\lst@currlwidth=\dimen120
\lst@column=\count101
\lst@pos=\count102
\lst@lostspace=\dimen121
\lst@width=\dimen122
\lst@newlines=\count103
\lst@lineno=\count104
\lst@maxwidth=\dimen123

(/usr/share/texlive/texmf-dist/tex/latex/listings/lstmisc.sty
File: lstmisc.sty 2015/06/04 1.6 (Carsten Heinz)
\c@lstnumber=\count105
\lst@skipnumbers=\count106
\lst@framebox=\box53
)
(/usr/share/texlive/texmf-dist/tex/latex/listings/listings.cfg
File: listings.cfg 2015/06/04 1.6 listings configuration
))
Package: listings 2015/06/04 1.6 (Carsten Heinz)

(/usr/share/texlive/texmf-dist/tex/latex/graphics/color.sty
Package: color 2016/07/10 v1.1e Standard LaTeX Color (DPC)

(/usr/share/texlive/texmf-dist/tex/latex/graphics-cfg/color.cfg
File: color.cfg 2016/01/02 v1.6 sample color configuration
)
Package color Info: Driver file: luatex.def on input line 147.

(/usr/share/texlive/texmf-dist/tex/latex/graphics-def/luatex.def
File: luatex.def 2018/01/08 v1.0l Graphics/color driver for luatex
))
(/usr/share/texlive/texmf-dist/tex/latex/graphics/graphicx.sty
Package: graphicx 2017/06/01 v1.1a Enhanced LaTeX Graphics (DPC,SPQR)

(/usr/share/texlive/texmf-dist/tex/latex/graphics/graphics.sty
Package: graphics 2017/06/25 v1.2c Standard LaTeX Graphics (DPC,SPQR)

(/usr/share/texlive/texmf-dist/tex/latex/graphics/trig.sty
Package: trig 2016/01/03 v1.10 sin cos tan (DPC)
)
(/usr/share/texlive/texmf-dist/tex/latex/graphics-cfg/graphics.cfg
File: graphics.cfg 2016/06/04 v1.11 sample graphics configuration
)
Package graphics Info: Driver file: luatex.def on input line 99.
)
\Gin@req@height=\dimen124
\Gin@req@width=\dimen125
)
(/usr/share/texlive/texmf-dist/tex/latex/jknapltx/mathrsfs.sty
Package: mathrsfs 1996/01/01 Math RSFS package v1.0 (jk)
\symrsfs=\mathgroup4
)
(/usr/share/texlive/texmf-dist/tex/latex/hyperref/hyperref.sty
Package: hyperref 2018/02/06 v6.86b Hypertext links for LaTeX

(/usr/share/texlive/texmf-dist/tex/generic/oberdiek/hobsub-hyperref.sty
Package: hobsub-hyperref 2016/05/16 v1.14 Bundle oberdiek, subset hyperref (HO)

(/usr/share/texlive/texmf-dist/tex/generic/oberdiek/hobsub-generic.sty
Package: hobsub-generic 2016/05/16 v1.14 Bundle oberdiek, subset generic (HO)
Package: hobsub 2016/05/16 v1.14 Construct package bundles (HO)
Package: infwarerr 2016/05/16 v1.4 Providing info/warning/error messages (HO)
Package: ltxcmds 2016/05/16 v1.23 LaTeX kernel commands for general use (HO)
Package: ifluatex 2016/05/16 v1.4 Provides the ifluatex switch (HO)
Package ifluatex Info: LuaTeX detected.
Package hobsub Info: Skipping package `ifvtex' (already loaded).
Package: intcalc 2016/05/16 v1.2 Expandable calculations with integers (HO)
Package hobsub Info: Skipping package `ifpdf' (already loaded).
Package: etexcmds 2016/05/16 v1.6 Avoid name clashes with e-TeX commands (HO)
Package: kvsetkeys 2016/05/16 v1.17 Key value parser (HO)
Package: kvdefinekeys 2016/05/16 v1.4 Define keys (HO)
Package: luatex-loader 2016/05/16 v0.6 Lua module loader (HO)

(/usr/share/texlive/texmf-dist/scripts/oberdiek/oberdiek.luatex.lua)
Package: pdftexcmds 2018/01/21 v0.26 Utility functions of pdfTeX for LuaTeX (HO)

Package pdftexcmds Info: \pdf@primitive is available.
Package pdftexcmds Info: \pdf@ifprimitive is available.
Package pdftexcmds Info: \pdfdraftmode found.
\pdftexcmds@toks=\toks19
Package: pdfescape 2016/05/16 v1.14 Implements pdfTeX's escape features (HO)
Package: bigintcalc 2016/05/16 v1.4 Expandable calculations on big integers (HO)

Package: bitset 2016/05/16 v1.2 Handle bit-vector datatype (HO)
Package: uniquecounter 2016/05/16 v1.3 Provide unlimited unique counter (HO)
)
Package hobsub Info: Skipping package `hobsub' (already loaded).
Package: letltxmacro 2016/05/16 v1.5 Let assignment for LaTeX macros (HO)
Package: hopatch 2016/05/16 v1.3 Wrapper for package hooks (HO)
Package: xcolor-patch 2016/05/16 xcolor patch
Package: atveryend 2016/05/16 v1.9 Hooks at the very end of document (HO)
Package atveryend Info: \enddocument detected (standard20110627).
Package: atbegshi 2016/06/09 v1.18 At begin shipout hook (HO)
Package: refcount 2016/05/16 v3.5 Data extraction from label references (HO)
Package: hycolor 2016/05/16 v1.8 Color options for hyperref/bookmark (HO)
)
(/usr/share/texlive/texmf-dist/tex/latex/oberdiek/auxhook.sty
Package: auxhook 2016/05/16 v1.4 Hooks for auxiliary files (HO)
)
(/usr/share/texlive/texmf-dist/tex/latex/oberdiek/kvoptions.sty
Package: kvoptions 2016/05/16 v3.12 Key value format for package options (HO)
)
\@linkdim=\dimen126
\Hy@linkcounter=\count107
\Hy@pagecounter=\count108

(/usr/share/texlive/texmf-dist/tex/latex/hyperref/pd1enc.def
File: pd1enc.def 2018/02/06 v6.86b Hyperref: PDFDocEncoding definition (HO)
)
\Hy@SavedSpaceFactor=\count109

(/usr/share/texlive/texmf-dist/tex/latex/latexconfig/hyperref.cfg
File: hyperref.cfg 2002/06/06 v1.2 hyperref configuration of TeXLive
)
Package hyperref Info: Hyper figures OFF on input line 4509.
Package hyperref Info: Link nesting OFF on input line 4514.
Package hyperref Info: Hyper index ON on input line 4517.
Package hyperref Info: Plain pages OFF on input line 4524.
Package hyperref Info: Backreferencing OFF on input line 4529.
Package hyperref Info: Implicit mode ON; LaTeX internals redefined.
Package hyperref Info: Bookmarks ON on input line 4762.
\c@Hy@tempcnt=\count110

(/usr/share/texlive/texmf-dist/tex/latex/url/url.sty
\Urlmuskip=\muskip10
Package: url 2013/09/16  ver 3.4  Verb mode for urls, etc.
)
LaTeX Info: Redefining \url on input line 5115.
\XeTeXLinkMargin=\dimen127
\Fld@menulength=\count111
\Field@Width=\dimen128
\Fld@charsize=\dimen129
Package hyperref Info: Hyper figures OFF on input line 6369.
Package hyperref Info: Link nesting OFF on input line 6374.
Package hyperref Info: Hyper index ON on input line 6377.
Package hyperref Info: backreferencing OFF on input line 6384.
Package hyperref Info: Link coloring OFF on input line 6389.
Package hyperref Info: Link coloring with OCG OFF on input line 6394.
Package hyperref Info: PDF/A mode OFF on input line 6399.
LaTeX Info: Redefining \ref on input line 6439.
LaTeX Info: Redefining \pageref on input line 6443.
\Hy@abspage=\count112
\c@Item=\count113
\c@Hfootnote=\count114
)
Package hyperref Info: Driver (autodetected): hluatex.

(/usr/share/texlive/texmf-dist/tex/latex/hyperref/hluatex.def
File: hluatex.def 2018/02/06 v6.86b Hyperref driver for luaTeX
\Fld@listcount=\count115
\c@bookmark@seq@number=\count116

(/usr/share/texlive/texmf-dist/tex/latex/oberdiek/rerunfilecheck.sty
Package: rerunfilecheck 2016/05/16 v1.8 Rerun checks for auxiliary files (HO)
Package uniquecounter Info: New unique counter `rerunfilecheck' on input line 28
2.
)
\Hy@SectionHShift=\skip45
)
(/usr/share/texlive/texmf-dist/tex/latex/pgf/basiclayer/pgf.sty
(/usr/share/texlive/texmf-dist/tex/latex/pgf/utilities/pgfrcs.sty
(/usr/share/texlive/texmf-dist/tex/generic/pgf/utilities/pgfutil-common.tex
\pgfutil@everybye=\toks20
\pgfutil@tempdima=\dimen130
\pgfutil@tempdimb=\dimen131

(/usr/share/texlive/texmf-dist/tex/generic/pgf/utilities/pgfutil-common-lists.t
ex)) (/usr/share/texlive/texmf-dist/tex/generic/pgf/utilities/pgfutil-latex.def
\pgfutil@abb=\box54
(/usr/share/texlive/texmf-dist/tex/latex/ms/everyshi.sty
Package: everyshi 2001/05/15 v3.00 EveryShipout Package (MS)
))
(/usr/share/texlive/texmf-dist/tex/generic/pgf/utilities/pgfrcs.code.tex
Package: pgfrcs 2015/08/07 v3.0.1a (rcs-revision 1.31)
))
Package: pgf 2015/08/07 v3.0.1a (rcs-revision 1.15)

(/usr/share/texlive/texmf-dist/tex/latex/pgf/basiclayer/pgfcore.sty
(/usr/share/texlive/texmf-dist/tex/latex/pgf/systemlayer/pgfsys.sty
(/usr/share/texlive/texmf-dist/tex/generic/pgf/systemlayer/pgfsys.code.tex
Package: pgfsys 2014/07/09 v3.0.1a (rcs-revision 1.48)

(/usr/share/texlive/texmf-dist/tex/generic/pgf/utilities/pgfkeys.code.tex
\pgfkeys@pathtoks=\toks21
\pgfkeys@temptoks=\toks22

(/usr/share/texlive/texmf-dist/tex/generic/pgf/utilities/pgfkeysfiltered.code.t
ex
\pgfkeys@tmptoks=\toks23
))
\pgf@x=\dimen132
\pgf@y=\dimen133
\pgf@xa=\dimen134
\pgf@ya=\dimen135
\pgf@xb=\dimen136
\pgf@yb=\dimen137
\pgf@xc=\dimen138
\pgf@yc=\dimen139
\w@pgf@writea=\write3
\r@pgf@reada=\read1
\c@pgf@counta=\count117
\c@pgf@countb=\count118
\c@pgf@countc=\count119
\c@pgf@countd=\count120
\t@pgf@toka=\toks24
\t@pgf@tokb=\toks25
\t@pgf@tokc=\toks26
 (/usr/share/texlive/texmf-dist/tex/generic/pgf/systemlayer/pgf.cfg
File: pgf.cfg 2008/05/14  (rcs-revision 1.7)
)
Driver file for pgf: pgfsys-luatex.def

(/usr/share/texlive/texmf-dist/tex/generic/pgf/systemlayer/pgfsys-luatex.def
File: pgfsys-luatex.def 2014/10/11  (rcs-revision 1.35)

(/usr/share/texlive/texmf-dist/tex/generic/pgf/systemlayer/pgfsys-common-pdf.de
f
File: pgfsys-common-pdf.def 2013/10/10  (rcs-revision 1.13)
)))
(/usr/share/texlive/texmf-dist/tex/generic/pgf/systemlayer/pgfsyssoftpath.code.
tex
File: pgfsyssoftpath.code.tex 2013/09/09  (rcs-revision 1.9)
\pgfsyssoftpath@smallbuffer@items=\count121
\pgfsyssoftpath@bigbuffer@items=\count122
)
(/usr/share/texlive/texmf-dist/tex/generic/pgf/systemlayer/pgfsysprotocol.code.
tex
File: pgfsysprotocol.code.tex 2006/10/16  (rcs-revision 1.4)
)) (/usr/share/texlive/texmf-dist/tex/latex/xcolor/xcolor.sty
Package: xcolor 2016/05/11 v2.12 LaTeX color extensions (UK)

(/usr/share/texlive/texmf-dist/tex/latex/graphics-cfg/color.cfg
File: color.cfg 2016/01/02 v1.6 sample color configuration
)
Package xcolor Info: Driver file: luatex.def on input line 225.
LaTeX Info: Redefining \color on input line 709.
Package xcolor Info: Model `cmy' substituted by `cmy0' on input line 1348.
Package xcolor Info: Model `hsb' substituted by `rgb' on input line 1352.
Package xcolor Info: Model `RGB' extended on input line 1364.
Package xcolor Info: Model `HTML' substituted by `rgb' on input line 1366.
Package xcolor Info: Model `Hsb' substituted by `hsb' on input line 1367.
Package xcolor Info: Model `tHsb' substituted by `hsb' on input line 1368.
Package xcolor Info: Model `HSB' substituted by `hsb' on input line 1369.
Package xcolor Info: Model `Gray' substituted by `gray' on input line 1370.
Package xcolor Info: Model `wave' substituted by `hsb' on input line 1371.
)
(/usr/share/texlive/texmf-dist/tex/generic/pgf/basiclayer/pgfcore.code.tex
Package: pgfcore 2010/04/11 v3.0.1a (rcs-revision 1.7)

(/usr/share/texlive/texmf-dist/tex/generic/pgf/math/pgfmath.code.tex
(/usr/share/texlive/texmf-dist/tex/generic/pgf/math/pgfmathcalc.code.tex
(/usr/share/texlive/texmf-dist/tex/generic/pgf/math/pgfmathutil.code.tex)
(/usr/share/texlive/texmf-dist/tex/generic/pgf/math/pgfmathparser.code.tex
\pgfmath@dimen=\dimen140
\pgfmath@count=\count123
\pgfmath@box=\box55
\pgfmath@toks=\toks27
\pgfmath@stack@operand=\toks28
\pgfmath@stack@operation=\toks29
)
(/usr/share/texlive/texmf-dist/tex/generic/pgf/math/pgfmathfunctions.code.tex
(/usr/share/texlive/texmf-dist/tex/generic/pgf/math/pgfmathfunctions.basic.code
.tex)
(/usr/share/texlive/texmf-dist/tex/generic/pgf/math/pgfmathfunctions.trigonomet
ric.code.tex)
(/usr/share/texlive/texmf-dist/tex/generic/pgf/math/pgfmathfunctions.random.cod
e.tex)
(/usr/share/texlive/texmf-dist/tex/generic/pgf/math/pgfmathfunctions.comparison
.code.tex)
(/usr/share/texlive/texmf-dist/tex/generic/pgf/math/pgfmathfunctions.base.code.
tex)
(/usr/share/texlive/texmf-dist/tex/generic/pgf/math/pgfmathfunctions.round.code
.tex)
(/usr/share/texlive/texmf-dist/tex/generic/pgf/math/pgfmathfunctions.misc.code.
tex)
(/usr/share/texlive/texmf-dist/tex/generic/pgf/math/pgfmathfunctions.integerari
thmetics.code.tex)))
(/usr/share/texlive/texmf-dist/tex/generic/pgf/math/pgfmathfloat.code.tex
\c@pgfmathroundto@lastzeros=\count124
))
(/usr/share/texlive/texmf-dist/tex/generic/pgf/basiclayer/pgfcorepoints.code.te
x
File: pgfcorepoints.code.tex 2013/10/07  (rcs-revision 1.27)
\pgf@picminx=\dimen141
\pgf@picmaxx=\dimen142
\pgf@picminy=\dimen143
\pgf@picmaxy=\dimen144
\pgf@pathminx=\dimen145
\pgf@pathmaxx=\dimen146
\pgf@pathminy=\dimen147
\pgf@pathmaxy=\dimen148
\pgf@xx=\dimen149
\pgf@xy=\dimen150
\pgf@yx=\dimen151
\pgf@yy=\dimen152
\pgf@zx=\dimen153
\pgf@zy=\dimen154
)
(/usr/share/texlive/texmf-dist/tex/generic/pgf/basiclayer/pgfcorepathconstruct.
code.tex
File: pgfcorepathconstruct.code.tex 2013/10/07  (rcs-revision 1.29)
\pgf@path@lastx=\dimen155
\pgf@path@lasty=\dimen156
)
(/usr/share/texlive/texmf-dist/tex/generic/pgf/basiclayer/pgfcorepathusage.code
.tex
File: pgfcorepathusage.code.tex 2014/11/02  (rcs-revision 1.24)
\pgf@shorten@end@additional=\dimen157
\pgf@shorten@start@additional=\dimen158
)
(/usr/share/texlive/texmf-dist/tex/generic/pgf/basiclayer/pgfcorescopes.code.te
x
File: pgfcorescopes.code.tex 2015/05/08  (rcs-revision 1.46)
\pgfpic=\box56
\pgf@hbox=\box57
\pgf@layerbox@main=\box58
\pgf@picture@serial@count=\count125
)
(/usr/share/texlive/texmf-dist/tex/generic/pgf/basiclayer/pgfcoregraphicstate.c
ode.tex
File: pgfcoregraphicstate.code.tex 2014/11/02  (rcs-revision 1.12)
\pgflinewidth=\dimen159
)
(/usr/share/texlive/texmf-dist/tex/generic/pgf/basiclayer/pgfcoretransformation
s.code.tex
File: pgfcoretransformations.code.tex 2015/08/07  (rcs-revision 1.20)
\pgf@pt@x=\dimen160
\pgf@pt@y=\dimen161
\pgf@pt@temp=\dimen162
)
(/usr/share/texlive/texmf-dist/tex/generic/pgf/basiclayer/pgfcorequick.code.tex
File: pgfcorequick.code.tex 2008/10/09  (rcs-revision 1.3)
)
(/usr/share/texlive/texmf-dist/tex/generic/pgf/basiclayer/pgfcoreobjects.code.t
ex
File: pgfcoreobjects.code.tex 2006/10/11  (rcs-revision 1.2)
)
(/usr/share/texlive/texmf-dist/tex/generic/pgf/basiclayer/pgfcorepathprocessing
.code.tex
File: pgfcorepathprocessing.code.tex 2013/09/09  (rcs-revision 1.9)
)
(/usr/share/texlive/texmf-dist/tex/generic/pgf/basiclayer/pgfcorearrows.code.te
x
File: pgfcorearrows.code.tex 2015/05/14  (rcs-revision 1.43)
\pgfarrowsep=\dimen163
)
(/usr/share/texlive/texmf-dist/tex/generic/pgf/basiclayer/pgfcoreshade.code.tex
File: pgfcoreshade.code.tex 2013/07/15  (rcs-revision 1.15)
\pgf@max=\dimen164
\pgf@sys@shading@range@num=\count126
)
(/usr/share/texlive/texmf-dist/tex/generic/pgf/basiclayer/pgfcoreimage.code.tex
File: pgfcoreimage.code.tex 2013/07/15  (rcs-revision 1.18)

(/usr/share/texlive/texmf-dist/tex/generic/pgf/basiclayer/pgfcoreexternal.code.
tex
File: pgfcoreexternal.code.tex 2014/07/09  (rcs-revision 1.21)
\pgfexternal@startupbox=\box59
))
(/usr/share/texlive/texmf-dist/tex/generic/pgf/basiclayer/pgfcorelayers.code.te
x
File: pgfcorelayers.code.tex 2013/07/18  (rcs-revision 1.7)
)
(/usr/share/texlive/texmf-dist/tex/generic/pgf/basiclayer/pgfcoretransparency.c
ode.tex
File: pgfcoretransparency.code.tex 2013/09/30  (rcs-revision 1.5)
)
(/usr/share/texlive/texmf-dist/tex/generic/pgf/basiclayer/pgfcorepatterns.code.
tex
File: pgfcorepatterns.code.tex 2013/11/07  (rcs-revision 1.5)
)))
(/usr/share/texlive/texmf-dist/tex/generic/pgf/modules/pgfmoduleshapes.code.tex
File: pgfmoduleshapes.code.tex 2014/03/21  (rcs-revision 1.35)
\pgfnodeparttextbox=\box60
) (/usr/share/texlive/texmf-dist/tex/generic/pgf/modules/pgfmoduleplot.code.tex
File: pgfmoduleplot.code.tex 2015/08/03  (rcs-revision 1.13)
)
(/usr/share/texlive/texmf-dist/tex/latex/pgf/compatibility/pgfcomp-version-0-65
.sty
Package: pgfcomp-version-0-65 2007/07/03 v3.0.1a (rcs-revision 1.7)
\pgf@nodesepstart=\dimen165
\pgf@nodesepend=\dimen166
)
(/usr/share/texlive/texmf-dist/tex/latex/pgf/compatibility/pgfcomp-version-1-18
.sty
Package: pgfcomp-version-1-18 2007/07/23 v3.0.1a (rcs-revision 1.1)
)) (/usr/share/texlive/texmf-dist/tex/latex/adjustbox/adjustbox.sty
Package: adjustbox 2012/05/21 v1.0 Adjusting TeX boxes (trim, clip, ...)

(/usr/share/texlive/texmf-dist/tex/latex/xkeyval/xkeyval.sty
Package: xkeyval 2014/12/03 v2.7a package option processing (HA)

(/usr/share/texlive/texmf-dist/tex/generic/xkeyval/xkeyval.tex
(/usr/share/texlive/texmf-dist/tex/generic/xkeyval/xkvutils.tex
\XKV@toks=\toks30
\XKV@tempa@toks=\toks31
)
\XKV@depth=\count127
File: xkeyval.tex 2014/12/03 v2.7a key=value parser (HA)
))
(/usr/share/texlive/texmf-dist/tex/latex/adjustbox/adjcalc.sty
Package: adjcalc 2012/05/16 v1.1 Provides advanced setlength with multiple back-
ends (calc, etex, pgfmath)
)
(/usr/share/texlive/texmf-dist/tex/latex/adjustbox/trimclip.sty
Package: trimclip 2012/05/16 v1.0 Trim and clip general TeX material

(/usr/share/texlive/texmf-dist/tex/latex/collectbox/collectbox.sty
Package: collectbox 2012/05/17 v0.4b Collect macro arguments as boxes
\collectedbox=\box61
)
\tc@llx=\dimen167
\tc@lly=\dimen168
\tc@urx=\dimen169
\tc@ury=\dimen170

(/usr/share/texlive/texmf-dist/tex/latex/adjustbox/tc-pgf.def
File: tc-pgf.def 2012/05/13 v1.0 trimclip fall-back clipping driver using PGF
)
Package trimclip Info: No clipping driver 'tc-luatex.def' available.
(trimclip)             Using fall-back PGF driver.
)
\adjbox@Width=\dimen171
\adjbox@Height=\dimen172
\adjbox@Depth=\dimen173
\adjbox@Totalheight=\dimen174

(/usr/share/texlive/texmf-dist/tex/latex/ifoddpage/ifoddpage.sty
Package: ifoddpage 2016/04/23 v1.1 Conditionals for odd/even page detection
\c@checkoddpage=\count128
)
(/usr/share/texlive/texmf-dist/tex/latex/varwidth/varwidth.sty
Package: varwidth 2009/03/30 ver 0.92;  Variable-width minipages
\@vwid@box=\box62
\sift@deathcycles=\count129
\@vwid@loff=\dimen175
\@vwid@roff=\dimen176
))
(/usr/share/texlive/texmf-dist/tex/latex/lipsum/lipsum.sty
Package: lipsum 2014/07/27 v1.3 150 paragraphs of Lorem Ipsum dummy text
\c@lips@count=\count130
)
(/usr/share/texlive/texmf-dist/tex/latex/oberdiek/transparent.sty
Package: transparent 2016/05/16 v1.1 Transparency via pdfTeX's color stack (HO)


Package transparent Warning: Your pdfTeX version does not support color stacks.

) (/usr/share/texlive/texmf-dist/tex/latex/eso-pic/eso-pic.sty
Package: eso-pic 2015/07/21 v2.0g eso-pic (RN)
)
(/usr/share/texlive/texmf-dist/tex/latex/svg/svg.sty
Package: svg 2017/11/29 v2.01 (include SVG pictures)

(/usr/share/texlive/texmf-dist/tex/latex/koma-script/scrbase.sty
Package: scrbase 2017/09/07 v3.24 KOMA-Script package (KOMA-Script-independent b
asics and keyval usage)

(/usr/share/texlive/texmf-dist/tex/latex/koma-script/scrlfile.sty
Package: scrlfile 2017/09/07 v3.24 KOMA-Script package (loading files)
))
(/usr/share/texlive/texmf-dist/tex/latex/tools/shellesc.sty
Package: shellesc 2016/06/07 v0.02a unified shell escape interface for LaTeX
Package shellesc Info: Restricted shell escape enabled on input line 69.
)
\c@svg@param@lastpage=\count131
\c@svg@param@currpage=\count132
)
(/usr/share/texlive/texmf-dist/tex/latex/amsmath/amsmath.sty
Package: amsmath 2017/09/02 v2.17a AMS math features
\@mathmargin=\skip46

For additional information on amsmath, use the `?' option.
(/usr/share/texlive/texmf-dist/tex/latex/amsmath/amstext.sty
Package: amstext 2000/06/29 v2.01 AMS text

(/usr/share/texlive/texmf-dist/tex/latex/amsmath/amsgen.sty
File: amsgen.sty 1999/11/30 v2.0 generic functions
\@emptytoks=\toks32
\ex@=\dimen177
))
(/usr/share/texlive/texmf-dist/tex/latex/amsmath/amsbsy.sty
Package: amsbsy 1999/11/29 v1.2d Bold Symbols
\pmbraise@=\dimen178
)
(/usr/share/texlive/texmf-dist/tex/latex/amsmath/amsopn.sty
Package: amsopn 2016/03/08 v2.02 operator names
)
\inf@bad=\count133
LaTeX Info: Redefining \frac on input line 213.
\uproot@=\count134
\leftroot@=\count135
LaTeX Info: Redefining \overline on input line 375.
\classnum@=\count136
\DOTSCASE@=\count137
LaTeX Info: Redefining \ldots on input line 472.
LaTeX Info: Redefining \dots on input line 475.
LaTeX Info: Redefining \cdots on input line 596.
\Mathstrutbox@=\box63
\strutbox@=\box64
\big@size=\dimen179
LaTeX Font Info:    Redeclaring font encoding OML on input line 712.
LaTeX Font Info:    Redeclaring font encoding OMS on input line 713.
\macc@depth=\count138
\c@MaxMatrixCols=\count139
\dotsspace@=\muskip11
\c@parentequation=\count140
\dspbrk@lvl=\count141
\tag@help=\toks33
\row@=\count142
\column@=\count143
\maxfields@=\count144
\andhelp@=\toks34
\eqnshift@=\dimen180
\alignsep@=\dimen181
\tagshift@=\dimen182
\tagwidth@=\dimen183
\totwidth@=\dimen184
\lineht@=\dimen185
\@envbody=\toks35
\multlinegap=\skip47
\multlinetaggap=\skip48
\mathdisplay@stack=\toks36
LaTeX Info: Redefining \[ on input line 2817.
LaTeX Info: Redefining \] on input line 2818.
)
(/usr/share/texlive/texmf-dist/tex/latex/amsfonts/amssymb.sty
Package: amssymb 2013/01/14 v3.01 AMS font symbols

(/usr/share/texlive/texmf-dist/tex/latex/amsfonts/amsfonts.sty
Package: amsfonts 2013/01/14 v3.01 Basic AMSFonts support
\symAMSa=\mathgroup5
\symAMSb=\mathgroup6
LaTeX Font Info:    Overwriting math alphabet `\mathfrak' in version `bold'
(Font)                  U/euf/m/n --> U/euf/b/n on input line 106.
))
(/usr/share/texlive/texmf-dist/tex/latex/amscls/amsthm.sty
Package: amsthm 2017/10/31 v2.20.4
\thm@style=\toks37
\thm@bodyfont=\toks38
\thm@headfont=\toks39
\thm@notefont=\toks40
\thm@headpunct=\toks41
\thm@preskip=\skip49
\thm@postskip=\skip50
\thm@headsep=\skip51
\dth@everypar=\toks42
)
(/usr/share/texlive/texmf-dist/tex/latex/enumitem/enumitem.sty
Package: enumitem 2011/09/28 v3.5.2 Customized lists
\labelindent=\skip52
\enit@outerparindent=\dimen186
\enit@toks=\toks43
\enit@inbox=\box65
\enitdp@description=\count145
)
(/usr/share/texlive/texmf-dist/tex/latex/cancel/cancel.sty
Package: cancel 2013/04/12 v2.2 Cancel math terms
) (./styles/style.sty (/usr/share/texlive/texmf-dist/tex/latex/base/fontenc.sty
Package: fontenc 2017/04/05 v2.0i Standard LaTeX package

(/usr/share/texlive/texmf-dist/tex/latex/base/t1enc.def
File: t1enc.def 2017/04/05 v2.0i Standard LaTeX file
LaTeX Font Info:    Redeclaring font encoding T1 on input line 48.
)
LaTeX Font Info:    Try loading font information for T1+lmr on input line 105.

(/usr/share/texmf/tex/latex/lm/t1lmr.fd
File: t1lmr.fd 2009/10/30 v1.6 Font defs for Latin Modern
))
(/usr/share/texmf/tex/latex/lm/lmodern.sty
Package: lmodern 2009/10/30 v1.6 Latin Modern Fonts
LaTeX Font Info:    Overwriting symbol font `operators' in version `normal'
(Font)                  OT1/cmr/m/n --> OT1/lmr/m/n on input line 22.
LaTeX Font Info:    Overwriting symbol font `letters' in version `normal'
(Font)                  OML/cmm/m/it --> OML/lmm/m/it on input line 23.
LaTeX Font Info:    Overwriting symbol font `symbols' in version `normal'
(Font)                  OMS/cmsy/m/n --> OMS/lmsy/m/n on input line 24.
LaTeX Font Info:    Overwriting symbol font `largesymbols' in version `normal'
(Font)                  OMX/cmex/m/n --> OMX/lmex/m/n on input line 25.
LaTeX Font Info:    Overwriting symbol font `operators' in version `bold'
(Font)                  OT1/cmr/bx/n --> OT1/lmr/bx/n on input line 26.
LaTeX Font Info:    Overwriting symbol font `letters' in version `bold'
(Font)                  OML/cmm/b/it --> OML/lmm/b/it on input line 27.
LaTeX Font Info:    Overwriting symbol font `symbols' in version `bold'
(Font)                  OMS/cmsy/b/n --> OMS/lmsy/b/n on input line 28.
LaTeX Font Info:    Overwriting symbol font `largesymbols' in version `bold'
(Font)                  OMX/cmex/m/n --> OMX/lmex/m/n on input line 29.
LaTeX Font Info:    Overwriting math alphabet `\mathbf' in version `normal'
(Font)                  OT1/cmr/bx/n --> OT1/lmr/bx/n on input line 31.
LaTeX Font Info:    Overwriting math alphabet `\mathsf' in version `normal'
(Font)                  OT1/cmss/m/n --> OT1/lmss/m/n on input line 32.
LaTeX Font Info:    Overwriting math alphabet `\mathit' in version `normal'
(Font)                  OT1/cmr/m/it --> OT1/lmr/m/it on input line 33.
LaTeX Font Info:    Overwriting math alphabet `\mathtt' in version `normal'
(Font)                  OT1/cmtt/m/n --> OT1/lmtt/m/n on input line 34.
LaTeX Font Info:    Overwriting math alphabet `\mathbf' in version `bold'
(Font)                  OT1/cmr/bx/n --> OT1/lmr/bx/n on input line 35.
LaTeX Font Info:    Overwriting math alphabet `\mathsf' in version `bold'
(Font)                  OT1/cmss/bx/n --> OT1/lmss/bx/n on input line 36.
LaTeX Font Info:    Overwriting math alphabet `\mathit' in version `bold'
(Font)                  OT1/cmr/bx/it --> OT1/lmr/bx/it on input line 37.
LaTeX Font Info:    Overwriting math alphabet `\mathtt' in version `bold'
(Font)                  OT1/cmtt/m/n --> OT1/lmtt/m/n on input line 38.
)
(/usr/share/texlive/texmf-dist/tex/latex/psnfss/helvet.sty
Package: helvet 2005/04/12 PSNFSS-v9.2a (WaS) 
)
(/usr/share/texlive/texmf-dist/tex/latex/fancyhdr/fancyhdr.sty
Package: fancyhdr 2017/06/30 v3.9a Extensive control of page headers and footers

\f@nch@headwidth=\skip53
\f@nch@O@elh=\skip54
\f@nch@O@erh=\skip55
\f@nch@O@olh=\skip56
\f@nch@O@orh=\skip57
\f@nch@O@elf=\skip58
\f@nch@O@erf=\skip59
\f@nch@O@olf=\skip60
\f@nch@O@orf=\skip61
))
(/usr/share/texlive/texmf-dist/tex/latex/fontspec/fontspec.sty
(/usr/share/texlive/texmf-dist/tex/latex/l3packages/xparse/xparse.sty
(/usr/share/texlive/texmf-dist/tex/latex/l3kernel/expl3.sty
Package: expl3 2018/02/21 L3 programming layer (loader) 

(/usr/share/texlive/texmf-dist/tex/latex/l3kernel/expl3-code.tex
Package: expl3 2018/02/21 L3 programming layer (code)
\ucharcat@table=\catcodetable5
\c_max_int=\count146
\l_tmpa_int=\count147
\l_tmpb_int=\count148
\g_tmpa_int=\count149
\g_tmpb_int=\count150
\g__intarray_font_int=\count151
\g__prg_map_int=\count152
\c_log_iow=\count153
\l_iow_line_count_int=\count154
\l__iow_line_target_int=\count155
\l__iow_one_indent_int=\count156
\l__iow_indent_int=\count157
\c_zero_dim=\dimen187
\c_max_dim=\dimen188
\l_tmpa_dim=\dimen189
\l_tmpb_dim=\dimen190
\g_tmpa_dim=\dimen191
\g_tmpb_dim=\dimen192
\c_zero_skip=\skip62
\c_max_skip=\skip63
\l_tmpa_skip=\skip64
\l_tmpb_skip=\skip65
\g_tmpa_skip=\skip66
\g_tmpb_skip=\skip67
\c_zero_muskip=\muskip12
\c_max_muskip=\muskip13
\l_tmpa_muskip=\muskip14
\l_tmpb_muskip=\muskip15
\g_tmpa_muskip=\muskip16
\g_tmpb_muskip=\muskip17
\l_keys_choice_int=\count158
\c__fp_leading_shift_int=\count159
\c__fp_middle_shift_int=\count160
\c__fp_trailing_shift_int=\count161
\c__fp_big_leading_shift_int=\count162
\c__fp_big_middle_shift_int=\count163
\c__fp_big_trailing_shift_int=\count164
\c__fp_Bigg_leading_shift_int=\count165
\c__fp_Bigg_middle_shift_int=\count166
\c__fp_Bigg_trailing_shift_int=\count167
\c__fp_rand_size_int=\count168
\c__fp_rand_four_int=\count169
\c__fp_rand_eight_int=\count170
\l__sort_length_int=\count171
\l__sort_min_int=\count172
\l__sort_top_int=\count173
\l__sort_max_int=\count174
\l__sort_true_max_int=\count175
\l__sort_block_int=\count176
\l__sort_begin_int=\count177
\l__sort_end_int=\count178
\l__sort_A_int=\count179
\l__sort_B_int=\count180
\l__sort_C_int=\count181
\l__tl_build_start_index_int=\count182
\l__tl_build_index_int=\count183
\l__tl_analysis_normal_int=\count184
\l__tl_analysis_index_int=\count185
\l__tl_analysis_nesting_int=\count186
\l__tl_analysis_type_int=\count187
\l__regex_internal_a_int=\count188
\l__regex_internal_b_int=\count189
\l__regex_internal_c_int=\count190
\l__regex_balance_int=\count191
\l__regex_group_level_int=\count192
\l__regex_mode_int=\count193
\c__regex_cs_in_class_mode_int=\count194
\c__regex_cs_mode_int=\count195
\l__regex_catcodes_int=\count196
\l__regex_default_catcodes_int=\count197
\c__regex_catcode_L_int=\count198
\c__regex_catcode_O_int=\count199
\c__regex_catcode_A_int=\count266
\c__regex_all_catcodes_int=\count267
\l__regex_show_lines_int=\count268
\l__regex_min_state_int=\count269
\l__regex_max_state_int=\count270
\l__regex_left_state_int=\count271
\l__regex_right_state_int=\count272
\l__regex_capturing_group_int=\count273
\l__regex_min_pos_int=\count274
\l__regex_max_pos_int=\count275
\l__regex_curr_pos_int=\count276
\l__regex_start_pos_int=\count277
\l__regex_success_pos_int=\count278
\l__regex_curr_char_int=\count279
\l__regex_curr_catcode_int=\count280
\l__regex_last_char_int=\count281
\l__regex_case_changed_char_int=\count282
\l__regex_curr_state_int=\count283
\l__regex_step_int=\count284
\l__regex_min_active_int=\count285
\l__regex_max_active_int=\count286
\l__regex_replacement_csnames_int=\count287
\l__regex_match_count_int=\count288
\l__regex_min_submatch_int=\count289
\l__regex_submatch_int=\count290
\l__regex_zeroth_submatch_int=\count291
\g__regex_trace_regex_int=\count292
\c_empty_box=\box66
\l_tmpa_box=\box67
\l_tmpb_box=\box68
\g_tmpa_box=\box69
\g_tmpb_box=\box70
\l__box_top_dim=\dimen193
\l__box_bottom_dim=\dimen194
\l__box_left_dim=\dimen195
\l__box_right_dim=\dimen196
\l__box_top_new_dim=\dimen197
\l__box_bottom_new_dim=\dimen198
\l__box_left_new_dim=\dimen199
\l__box_right_new_dim=\dimen256
\l__box_internal_box=\box71
\l__coffin_internal_box=\box72
\l__coffin_internal_dim=\dimen257
\l__coffin_offset_x_dim=\dimen258
\l__coffin_offset_y_dim=\dimen259
\l__coffin_x_dim=\dimen260
\l__coffin_y_dim=\dimen261
\l__coffin_x_prime_dim=\dimen262
\l__coffin_y_prime_dim=\dimen263
\c_empty_coffin=\box73
\l__coffin_aligned_coffin=\box74
\l__coffin_aligned_internal_coffin=\box75
\l_tmpa_coffin=\box76
\l_tmpb_coffin=\box77
\l__coffin_display_coffin=\box78
\l__coffin_display_coord_coffin=\box79
\l__coffin_display_pole_coffin=\box80
\l__coffin_display_offset_dim=\dimen264
\l__coffin_display_x_dim=\dimen265
\l__coffin_display_y_dim=\dimen266
\l__coffin_bounding_shift_dim=\dimen267
\l__coffin_left_corner_dim=\dimen268
\l__coffin_right_corner_dim=\dimen269
\l__coffin_bottom_corner_dim=\dimen270
\l__coffin_top_corner_dim=\dimen271
\l__coffin_scaled_total_height_dim=\dimen272
\l__coffin_scaled_width_dim=\dimen273
)
(/usr/share/texlive/texmf-dist/tex/latex/l3kernel/l3pdfmode.def
File: l3pdfmode.def 2017/03/18 v L3 Experimental driver: PDF mode
\l__driver_color_stack_int=\count293
\l__driver_tmp_box=\box81
))
Package: xparse 2018/02/21 L3 Experimental document command parser
\l__xparse_current_arg_int=\count294
\g__xparse_grabber_int=\count295
\l__xparse_m_args_int=\count296
\l__xparse_mandatory_args_int=\count297
\l__xparse_v_nesting_int=\count298
)
Package: fontspec 2017/11/09 v2.6g Font selection for XeLaTeX and LuaLaTeX
Lua module: fontspec 2017/11/09 2.6g Font selection for XeLaTeX and LuaLaTeX
(/usr/share/texlive/texmf-dist/tex/latex/fontspec/fontspec-luatex.sty
Package: fontspec-luatex 2017/11/09 v2.6g Font selection for XeLaTeX and LuaLaTe
X
\l__fontspec_script_int=\count299
\l__fontspec_language_int=\count300
\l__fontspec_strnum_int=\count301
\l__fontspec_tmp_int=\count302
\l__fontspec_em_int=\count303
\l__fontspec_emdef_int=\count304
\l__fontspec_strong_int=\count305
\l__fontspec_strongdef_int=\count306
\l__fontspec_tmpa_dim=\dimen274
\l__fontspec_tmpb_dim=\dimen275
\l__fontspec_tmpc_dim=\dimen276
\g__file_internal_ior=\read2

(/usr/share/texlive/texmf-dist/tex/latex/base/fontenc.sty
Package: fontenc 2017/04/05 v2.0i Standard LaTeX package

(/usr/share/texlive/texmf-dist/tex/latex/base/tuenc.def
File: tuenc.def 2017/04/05 v2.0i Standard LaTeX file
LaTeX Font Info:    Redeclaring font encoding TU on input line 82.
))
.................................................
. LaTeX info: "xparse/define-command"
. 
. Defining command \fontspec with sig. 'O{}mO{}' on line 545.
.................................................
.................................................
. LaTeX info: "xparse/define-command"
. 
. Defining command \setmainfont with sig. 'O{}mO{}' on line 549.
.................................................
.................................................
. LaTeX info: "xparse/define-command"
. 
. Defining command \setsansfont with sig. 'O{}mO{}' on line 553.
.................................................
.................................................
. LaTeX info: "xparse/define-command"
. 
. Defining command \setmonofont with sig. 'O{}mO{}' on line 557.
.................................................
.................................................
. LaTeX info: "xparse/define-command"
. 
. Defining command \setmathrm with sig. 'O{}mO{}' on line 561.
.................................................
.................................................
. LaTeX info: "xparse/define-command"
. 
. Defining command \setboldmathrm with sig. 'O{}mO{}' on line 565.
.................................................
.................................................
. LaTeX info: "xparse/define-command"
. 
. Defining command \setmathsf with sig. 'O{}mO{}' on line 569.
.................................................
.................................................
. LaTeX info: "xparse/define-command"
. 
. Defining command \setmathtt with sig. 'O{}mO{}' on line 573.
.................................................
.................................................
. LaTeX info: "xparse/define-command"
. 
. Defining command \setromanfont with sig. 'O{}mO{}' on line 577.
.................................................
.................................................
. LaTeX info: "xparse/define-command"
. 
. Defining command \newfontfamily with sig. 'mO{}mO{}' on line 581.
.................................................
.................................................
. LaTeX info: "xparse/define-command"
. 
. Defining command \newfontface with sig. 'mO{}mO{}' on line 585.
.................................................
.................................................
. LaTeX info: "xparse/define-command"
. 
. Defining command \defaultfontfeatures with sig. 't+om' on line 589.
.................................................
.................................................
. LaTeX info: "xparse/define-command"
. 
. Defining command \addfontfeatures with sig. 'm' on line 593.
.................................................
.................................................
. LaTeX info: "xparse/define-command"
. 
. Defining command \addfontfeature with sig. 'm' on line 597.
.................................................
.................................................
. LaTeX info: "xparse/define-command"
. 
. Defining command \newfontfeature with sig. 'mm' on line 601.
.................................................
.................................................
. LaTeX info: "xparse/define-command"
. 
. Defining command \newAATfeature with sig. 'mmmm' on line 605.
.................................................
.................................................
. LaTeX info: "xparse/define-command"
. 
. Defining command \newopentypefeature with sig. 'mmm' on line 609.
.................................................
.................................................
. LaTeX info: "xparse/define-command"
. 
. Defining command \newICUfeature with sig. 'mmm' on line 613.
.................................................
.................................................
. LaTeX info: "xparse/define-command"
. 
. Defining command \aliasfontfeature with sig. 'mm' on line 617.
.................................................
.................................................
. LaTeX info: "xparse/define-command"
. 
. Defining command \aliasfontfeatureoption with sig. 'mmm' on line 621.
.................................................
.................................................
. LaTeX info: "xparse/define-command"
. 
. Defining command \newfontscript with sig. 'mm' on line 625.
.................................................
.................................................
. LaTeX info: "xparse/define-command"
. 
. Defining command \newfontlanguage with sig. 'mm' on line 629.
.................................................
.................................................
. LaTeX info: "xparse/define-command"
. 
. Defining command \DeclareFontsExtensions with sig. 'm' on line 633.
.................................................
.................................................
. LaTeX info: "xparse/define-command"
. 
. Defining command \IfFontFeatureActiveTF with sig. 'mmm' on line 637.
.................................................
.................................................
. LaTeX info: "xparse/define-command"
. 
. Defining command \EncodingCommand with sig. 'mO{}m' on line 3366.
.................................................
.................................................
. LaTeX info: "xparse/define-command"
. 
. Defining command \EncodingAccent with sig. 'mm' on line 3372.
.................................................
.................................................
. LaTeX info: "xparse/define-command"
. 
. Defining command \EncodingSymbol with sig. 'mm' on line 3378.
.................................................
.................................................
. LaTeX info: "xparse/define-command"
. 
. Defining command \EncodingComposite with sig. 'mmm' on line 3384.
.................................................
.................................................
. LaTeX info: "xparse/define-command"
. 
. Defining command \EncodingCompositeCommand with sig. 'mmm' on line 3390.
.................................................
.................................................
. LaTeX info: "xparse/define-command"
. 
. Defining command \DeclareUnicodeEncoding with sig. 'mm' on line 3415.
.................................................
.................................................
. LaTeX info: "xparse/define-command"
. 
. Defining command \UndeclareSymbol with sig. 'm' on line 3421.
.................................................
.................................................
. LaTeX info: "xparse/define-command"
. 
. Defining command \UndeclareAccent with sig. 'm' on line 3427.
.................................................
.................................................
. LaTeX info: "xparse/define-command"
. 
. Defining command \UndeclareCommand with sig. 'm' on line 3433.
.................................................
.................................................
. LaTeX info: "xparse/define-command"
. 
. Defining command \UndeclareComposite with sig. 'mm' on line 3440.
.................................................

(/usr/share/texlive/texmf-dist/tex/latex/fontspec/fontspec.cfg)
LaTeX Info: Redefining \itshape on input line 3625.
LaTeX Info: Redefining \slshape on input line 3630.
LaTeX Info: Redefining \scshape on input line 3635.
LaTeX Info: Redefining \upshape on input line 3640.
LaTeX Info: Redefining \em on input line 3670.
LaTeX Info: Redefining \emph on input line 3695.
(load luc: /home/rafael/.texlive2017/texmf-var/luatex-cache/generic/fonts/otl/lm
roman12-bold.luc)(load luc: /home/rafael/.texlive2017/texmf-var/luatex-cache/gen
eric/fonts/otl/lmroman12-italic.luc)
LaTeX Info: Redefining \- on input line 3749.
.................................................
. LaTeX info: "xparse/redefine-command"
. 
. Redefining command \oldstylenums with sig. 'm' on line 3844.
.................................................
.................................................
. LaTeX info: "xparse/define-command"
. 
. Defining command \liningnums with sig. 'm' on line 3848.
.................................................
))
luaotfload | cache : Lookup cache loaded from /home/rafael/.texlive2017/texmf-va
r/luatex-cache/generic/names/luaotfload-lookup-cache.luc.(load luc: /home/rafael
/.texlive2017/texmf-var/luatex-cache/generic/fonts/otl/dejavusansmono.luc)
\g__fontspec_family_DejaVuSansMono_int=\count307
(load luc: /home/rafael/.texlive2017/texmf-var/luatex-cache/generic/fonts/otl/de
javusansmono-boldoblique.luc)(load luc: /home/rafael/.texlive2017/texmf-var/luat
ex-cache/generic/fonts/otl/dejavusansmono-bold.luc)(load luc: /home/rafael/.texl
ive2017/texmf-var/luatex-cache/generic/fonts/otl/dejavusansmono-oblique.luc)
luaotfload | aux : font no 27 (nil) does not define feature smcp for script latn
 with language dflt
luaotfload | aux : no font with id 27
luaotfload | aux : font no 29 (nil) does not define feature smcp for script latn
 with language dflt
luaotfload | aux : no font with id 29
luaotfload | aux : font no 30 (nil) does not define feature smcp for script latn
 with language dflt
luaotfload | aux : no font with id 30
luaotfload | aux : font no 28 (nil) does not define feature smcp for script latn
 with language dflt
luaotfload | aux : no font with id 28
.................................................
. fontspec info: "defining-font"
. 
. Font family 'DejaVuSansMono(0)' created for font 'DejaVuSansMono' with
. options [].
.  
.  This font family consists of the following NFSS series/shapes:
.  
. - 'normal' (m/n) with NFSS spec.:
. <->"DejaVuSansMono:mode=node;script=latn;language=DFLT;"
. - 'small caps'  (m/sc) with NFSS spec.: 
. - 'bold' (bx/n) with NFSS spec.:
. <->"DejaVuSansMono/B:mode=node;script=latn;language=DFLT;"
. - 'bold small caps'  (bx/sc) with NFSS spec.: 
. - 'italic' (m/it) with NFSS spec.:
. <->"DejaVuSansMono/I:mode=node;script=latn;language=DFLT;"
. - 'italic small caps'  (m/itsc) with NFSS spec.: 
. - 'bold italic' (bx/it) with NFSS spec.:
. <->"DejaVuSansMono/BI:mode=node;script=latn;language=DFLT;"
. - 'bold italic small caps'  (bx/itsc) with NFSS spec.: 
.................................................
(load luc: /home/rafael/.texlive2017/texmf-var/luatex-cache/generic/fonts/otl/so
urcecodepro-regular.luc)
\g__fontspec_family_SourceCodePro_int=\count308
(load luc: /home/rafael/.texlive2017/texmf-var/luatex-cache/generic/fonts/otl/so
urcecodepro-boldit.luc)(load luc: /home/rafael/.texlive2017/texmf-var/luatex-cac
he/generic/fonts/otl/sourcecodepro-bold.luc)(load luc: /home/rafael/.texlive2017
/texmf-var/luatex-cache/generic/fonts/otl/sourcecodepro-regularit.luc)
luaotfload | aux : font no 31 (nil) does not define feature smcp for script latn
 with language dflt
luaotfload | aux : no font with id 31
luaotfload | aux : font no 33 (nil) does not define feature smcp for script latn
 with language dflt
luaotfload | aux : no font with id 33
luaotfload | aux : font no 34 (nil) does not define feature smcp for script latn
 with language dflt
luaotfload | aux : no font with id 34
luaotfload | aux : font no 32 (nil) does not define feature smcp for script latn
 with language dflt
luaotfload | aux : no font with id 32
.................................................
. fontspec info: "defining-font"
. 
. Font family 'SourceCodePro(0)' created for font 'SourceCodePro' with options
. [].
.  
.  This font family consists of the following NFSS series/shapes:
.  
. - 'normal' (m/n) with NFSS spec.:
. <->"SourceCodePro:mode=node;script=latn;language=DFLT;"
. - 'small caps'  (m/sc) with NFSS spec.: 
. - 'bold' (bx/n) with NFSS spec.:
. <->"SourceCodePro/B:mode=node;script=latn;language=DFLT;"
. - 'bold small caps'  (bx/sc) with NFSS spec.: 
. - 'italic' (m/it) with NFSS spec.:
. <->"SourceCodePro/I:mode=node;script=latn;language=DFLT;"
. - 'italic small caps'  (m/itsc) with NFSS spec.: 
. - 'bold italic' (bx/it) with NFSS spec.:
. <->"SourceCodePro/BI:mode=node;script=latn;language=DFLT;"
. - 'bold italic small caps'  (bx/itsc) with NFSS spec.: 
.................................................
(load luc: /home/rafael/.texlive2017/texmf-var/luatex-cache/generic/fonts/otl/dr
oidsansmono.luc)
luaotfload | aux : font no 35 (nil) defines no feature for script latn
luaotfload | aux : no font with id 35
.................................................
. fontspec info: "no-scripts"
. 
. Font "DroidSansMono" does not contain any OpenType `Script' information.
.................................................
\g__fontspec_family_DroidSansMono_int=\count309
.................................................
. fontspec info: "no-font-shape"
. 
. Could not resolve font "DroidSansMono/BI" (it probably doesn't exist).
.................................................
.................................................
. fontspec info: "no-font-shape"
. 
. Could not resolve font "DroidSansMono/B" (it probably doesn't exist).
.................................................
.................................................
. fontspec info: "no-font-shape"
. 
. Could not resolve font "DroidSansMono/I" (it probably doesn't exist).
.................................................
luaotfload | aux : font no 35 (nil) does not define feature smcp for script  wit
h language 
luaotfload | aux : no font with id 35
.................................................
. fontspec info: "defining-font"
. 
. Font family 'DroidSansMono(0)' created for font 'DroidSansMono' with options
. [].
.  
.  This font family consists of the following NFSS series/shapes:
.  
. - 'normal' (m/n) with NFSS spec.: <->"DroidSansMono:mode=node;"
. - 'small caps'  (m/sc) with NFSS spec.: 
.................................................
(load luc: /home/rafael/.texlive2017/texmf-var/luatex-cache/generic/fonts/otl/ro
boto-regular.luc)
\g__fontspec_family_Roboto_int=\count310
(load luc: /home/rafael/.texlive2017/texmf-var/luatex-cache/generic/fonts/otl/ro
boto-bolditalic.luc)(load luc: /home/rafael/.texlive2017/texmf-var/luatex-cache/
generic/fonts/otl/roboto-bold.luc)(load luc: /home/rafael/.texlive2017/texmf-var
/luatex-cache/generic/fonts/otl/roboto-italic.luc)
.................................................
. fontspec info: "defining-font"
. 
. Font family 'Roboto(0)' created for font 'Roboto' with options [].
.  
.  This font family consists of the following NFSS series/shapes:
.  
. - 'normal' (m/n) with NFSS spec.:
. <->"Roboto:mode=node;script=latn;language=DFLT;"
. - 'small caps'  (m/sc) with NFSS spec.:
. <->"Roboto:mode=node;script=latn;language=DFLT;+smcp;"
. - 'bold' (bx/n) with NFSS spec.:
. <->"Roboto/B:mode=node;script=latn;language=DFLT;"
. - 'bold small caps'  (bx/sc) with NFSS spec.:
. <->"Roboto/B:mode=node;script=latn;language=DFLT;+smcp;"
. - 'italic' (m/it) with NFSS spec.:
. <->"Roboto/I:mode=node;script=latn;language=DFLT;"
. - 'italic small caps'  (m/itsc) with NFSS spec.:
. <->"Roboto/I:mode=node;script=latn;language=DFLT;+smcp;"
. - 'bold italic' (bx/it) with NFSS spec.:
. <->"Roboto/BI:mode=node;script=latn;language=DFLT;"
. - 'bold italic small caps'  (bx/itsc) with NFSS spec.:
. <->"Roboto/BI:mode=node;script=latn;language=DFLT;+smcp;"
.................................................
(load luc: /home/rafael/.texlive2017/texmf-var/luatex-cache/generic/fonts/otl/gf
sdidot.luc)
\g__fontspec_family_GFSDidot_int=\count311
(load luc: /home/rafael/.texlive2017/texmf-var/luatex-cache/generic/fonts/otl/gf
sartemisiaboldit.luc)(load luc: /home/rafael/.texlive2017/texmf-var/luatex-cache
/generic/fonts/otl/gfsdidotbold.luc)(load luc: /home/rafael/.texlive2017/texmf-v
ar/luatex-cache/generic/fonts/otl/gfsdidotitalic.luc)
luaotfload | aux : font no 42 (nil) does not define feature smcp for script latn
 with language dflt
luaotfload | aux : no font with id 42
luaotfload | aux : font no 43 (nil) does not define feature smcp for script latn
 with language dflt
luaotfload | aux : no font with id 43
luaotfload | aux : font no 41 (nil) does not define feature smcp for script latn
 with language dflt
luaotfload | aux : no font with id 41
.................................................
. fontspec info: "defining-font"
. 
. Font family 'GFSDidot(0)' created for font 'GFSDidot' with options [].
.  
.  This font family consists of the following NFSS series/shapes:
.  
. - 'normal' (m/n) with NFSS spec.:
. <->"GFSDidot:mode=node;script=latn;language=DFLT;"
. - 'small caps'  (m/sc) with NFSS spec.:
. <->"GFSDidot:mode=node;script=latn;language=DFLT;+smcp;"
. - 'bold' (bx/n) with NFSS spec.:
. <->"GFSDidot/B:mode=node;script=latn;language=DFLT;"
. - 'bold small caps'  (bx/sc) with NFSS spec.: 
. - 'italic' (m/it) with NFSS spec.:
. <->"GFSDidot/I:mode=node;script=latn;language=DFLT;"
. - 'italic small caps'  (m/itsc) with NFSS spec.: 
. - 'bold italic' (bx/it) with NFSS spec.:
. <->"GFSDidot/BI:mode=node;script=latn;language=DFLT;"
. - 'bold italic small caps'  (bx/itsc) with NFSS spec.: 
.................................................
(load luc: /home/rafael/.texlive2017/texmf-var/luatex-cache/generic/fonts/otl/la
to-regular.luc)
\g__fontspec_family_Lato_int=\count312
(load luc: /home/rafael/.texlive2017/texmf-var/luatex-cache/generic/fonts/otl/la
to-bolditalic.luc)(load luc: /home/rafael/.texlive2017/texmf-var/luatex-cache/ge
neric/fonts/otl/lato-bold.luc)(load luc: /home/rafael/.texlive2017/texmf-var/lua
tex-cache/generic/fonts/otl/lato-italic.luc)
luaotfload | aux : font no 44 (nil) does not define feature smcp for script latn
 with language dflt
luaotfload | aux : no font with id 44
luaotfload | aux : font no 46 (nil) does not define feature smcp for script latn
 with language dflt
luaotfload | aux : no font with id 46
luaotfload | aux : font no 47 (nil) does not define feature smcp for script latn
 with language dflt
luaotfload | aux : no font with id 47
luaotfload | aux : font no 45 (nil) does not define feature smcp for script latn
 with language dflt
luaotfload | aux : no font with id 45
.................................................
. fontspec info: "defining-font"
. 
. Font family 'Lato(0)' created for font 'Lato' with options [].
.  
.  This font family consists of the following NFSS series/shapes:
.  
. - 'normal' (m/n) with NFSS spec.:
. <->"Lato:mode=node;script=latn;language=DFLT;"
. - 'small caps'  (m/sc) with NFSS spec.: 
. - 'bold' (bx/n) with NFSS spec.:
. <->"Lato/B:mode=node;script=latn;language=DFLT;"
. - 'bold small caps'  (bx/sc) with NFSS spec.: 
. - 'italic' (m/it) with NFSS spec.:
. <->"Lato/I:mode=node;script=latn;language=DFLT;"
. - 'italic small caps'  (m/itsc) with NFSS spec.: 
. - 'bold italic' (bx/it) with NFSS spec.:
. <->"Lato/BI:mode=node;script=latn;language=DFLT;"
. - 'bold italic small caps'  (bx/itsc) with NFSS spec.: 
.................................................
 ("./folleto - fuentes.aux")
\openout1 = folleto - fuentes.aux

LaTeX Font Info:    Checking defaults for OML/cmm/m/it on input line 48.
LaTeX Font Info:    ... okay on input line 48.
LaTeX Font Info:    Checking defaults for T1/cmr/m/n on input line 48.
LaTeX Font Info:    ... okay on input line 48.
LaTeX Font Info:    Checking defaults for OT1/cmr/m/n on input line 48.
LaTeX Font Info:    ... okay on input line 48.
LaTeX Font Info:    Checking defaults for OMS/cmsy/m/n on input line 48.
LaTeX Font Info:    ... okay on input line 48.
LaTeX Font Info:    Checking defaults for TU/lmr/m/n on input line 48.
LaTeX Font Info:    ... okay on input line 48.
LaTeX Font Info:    Checking defaults for OMX/cmex/m/n on input line 48.
LaTeX Font Info:    ... okay on input line 48.
LaTeX Font Info:    Checking defaults for U/cmr/m/n on input line 48.
LaTeX Font Info:    ... okay on input line 48.
LaTeX Font Info:    Checking defaults for PD1/pdf/m/n on input line 48.
LaTeX Font Info:    ... okay on input line 48.

*geometry* driver: auto-detecting
*geometry* detected driver: pdftex
*geometry* verbose mode - [ preamble ] result:
* driver: pdftex
* paper: <default>
* layout: <same size as paper>
* layoutoffset:(h,v)=(0.0pt,0.0pt)
* modes: 
* h-part:(L,W,R)=(56.9055pt, 500.484pt, 56.9055pt)
* v-part:(T,H,B)=(56.9055pt, 681.15898pt, 56.9055pt)
* \paperwidth=614.295pt
* \paperheight=794.96999pt
* \textwidth=500.484pt
* \textheight=681.15898pt
* \oddsidemargin=-15.36449pt
* \evensidemargin=-15.36449pt
* \topmargin=-52.36449pt
* \headheight=12.0pt
* \headsep=25.0pt
* \topskip=12.0pt
* \footskip=30.0pt
* \marginparwidth=44.0pt
* \marginparsep=10.0pt
* \columnsep=10.0pt
* \skip\footins=10.8pt plus 4.0pt minus 2.0pt
* \hoffset=0.0pt
* \voffset=0.0pt
* \mag=1000
* \@twocolumnfalse
* \@twosidefalse
* \@mparswitchfalse
* \@reversemarginfalse
* (1in=72.27pt=25.4mm, 1cm=28.453pt)

\c@lstlisting=\count313
(/usr/share/texlive/texmf-dist/tex/context/base/mkii/supp-pdf.mkii
[Loading MPS to PDF converter (version 2006.09.02).]
\scratchcounter=\count314
\scratchdimen=\dimen277
\scratchbox=\box82
\nofMPsegments=\count315
\nofMParguments=\count316
\everyMPshowfont=\toks44
\MPscratchCnt=\count317
\MPscratchDim=\dimen278
\MPnumerator=\count318
\makeMPintoPDFobject=\count319
\everyMPtoPDFconversion=\toks45
) (/usr/share/texlive/texmf-dist/tex/latex/oberdiek/epstopdf-base.sty
Package: epstopdf-base 2016/05/15 v2.6 Base part for package epstopdf

(/usr/share/texlive/texmf-dist/tex/latex/oberdiek/grfext.sty
Package: grfext 2016/05/16 v1.2 Manage graphics extensions (HO)
)
Package epstopdf-base Info: Redefining graphics rule for `.eps' on input line 43
8.
Package grfext Info: Graphics extension search list:
(grfext)             [.pdf,.png,.jpg,.mps,.jpeg,.jbig2,.jb2,.PDF,.PNG,.JPG,.JPEG
,.JBIG2,.JB2,.eps]
(grfext)             \AppendGraphicsExtensions on input line 456.

(/usr/share/texlive/texmf-dist/tex/latex/latexconfig/epstopdf-sys.cfg
File: epstopdf-sys.cfg 2010/07/13 v1.3 Configuration of (r)epstopdf for TeX Live

))
\AtBeginShipoutBox=\box83
Package hyperref Info: Link coloring OFF on input line 48.

(/usr/share/texlive/texmf-dist/tex/latex/hyperref/nameref.sty
Package: nameref 2016/05/21 v2.44 Cross-referencing by name of section

(/usr/share/texlive/texmf-dist/tex/generic/oberdiek/gettitlestring.sty
Package: gettitlestring 2016/05/16 v1.5 Cleanup title references (HO)
)
\c@section@level=\count320
)
LaTeX Info: Redefining \ref on input line 48.
LaTeX Info: Redefining \pageref on input line 48.
LaTeX Info: Redefining \nameref on input line 48.

("./folleto - fuentes.out") ("./folleto - fuentes.out")
\@outlinefile=\write4

\openout4 = folleto - fuentes.out

ABD: EveryShipout initializing macros
*geometry* verbose mode - [ newgeometry ] result:
* driver: pdftex
* paper: <default>
* layout: <same size as paper>
* layoutoffset:(h,v)=(0.0pt,0.0pt)
* modes: 
* h-part:(L,W,R)=(0.0pt, 614.295pt, 0.0pt)
* v-part:(T,H,B)=(0.0pt, 794.96999pt, 0.0pt)
* \paperwidth=614.295pt
* \paperheight=794.96999pt
* \textwidth=614.295pt
* \textheight=794.96999pt
* \oddsidemargin=-72.26999pt
* \evensidemargin=-72.26999pt
* \topmargin=-109.26999pt
* \headheight=12.0pt
* \headsep=25.0pt
* \topskip=12.0pt
* \footskip=30.0pt
* \marginparwidth=44.0pt
* \marginparsep=10.0pt
* \columnsep=10.0pt
* \skip\footins=10.8pt plus 4.0pt minus 2.0pt
* \hoffset=0.0pt
* \voffset=0.0pt
* \mag=1000
* \@twocolumnfalse
* \@twosidefalse
* \@mparswitchfalse
* \@reversemarginfalse
* (1in=72.27pt=25.4mm, 1cm=28.453pt)


Overfull \hbox (8.8247pt too wide) in paragraph at lines 53--67
[]|  [][][][][][] 
 []


Overfull \hbox (1.0007pt too wide) in paragraph at lines 69--71
[]|  [][][][][][] 
 []


Underfull \hbox (badness 10000) in paragraph at lines 69--71

 []


Overfull \hbox (1.0007pt too wide) in paragraph at lines 75--77
[]|  [][][][][][] 
 []


Underfull \hbox (badness 10000) in paragraph at lines 75--77

 []

<images/cerebro-transparente-blanco.png, id=7, 1204.5pt x 1204.5pt>
File: images/cerebro-transparente-blanco.png Graphic file (type png)
<use images/cerebro-transparente-blanco.png>
Package luatex.def Info: images/cerebro-transparente-blanco.png  used on input l
ine 96.
(luatex.def)             Requested size: 361.35278pt x 361.35278pt.

Overfull \hbox (1.96802pt too wide) in paragraph at lines 82--97
[]|  [][][][][][] 
 []

<images/pie-transparente.png, id=8, 1204.5pt x 159.59625pt>
File: images/pie-transparente.png Graphic file (type png)
<use images/pie-transparente.png>
Package luatex.def Info: images/pie-transparente.png  used on input line 101.
(luatex.def)             Requested size: 614.28688pt x 81.39299pt.

Overfull \hbox (1.0007pt too wide) in paragraph at lines 100--102
[]  [][][][][][] 
 []

[1


{/var/lib/texmf/fonts/map/pdftex/updmap/pdftex.map}<./images/cerebro-transparent
e-blanco.png><./images/pie-transparente.png>](load luc: /home/rafael/.texlive201
7/texmf-var/luatex-cache/generic/fonts/otl/lmroman17-regular.luc)
Underfull \hbox (badness 10000) in paragraph at lines 146--146
[]\TU/DejaVuSansMono(0)/m/n/12 Python para Ma-chine Learn-ing y Cien-cia de
 []

LaTeX Font Info:    Try loading font information for OT1+lmr on input line 146.
(/usr/share/texmf/tex/latex/lm/ot1lmr.fd
File: ot1lmr.fd 2009/10/30 v1.6 Font defs for Latin Modern
)
LaTeX Font Info:    Try loading font information for OML+lmm on input line 146.

(/usr/share/texmf/tex/latex/lm/omllmm.fd
File: omllmm.fd 2009/10/30 v1.6 Font defs for Latin Modern
)
LaTeX Font Info:    Try loading font information for OMS+lmsy on input line 146.


(/usr/share/texmf/tex/latex/lm/omslmsy.fd
File: omslmsy.fd 2009/10/30 v1.6 Font defs for Latin Modern
)
LaTeX Font Info:    Try loading font information for OMX+lmex on input line 146.


(/usr/share/texmf/tex/latex/lm/omxlmex.fd
File: omxlmex.fd 2009/10/30 v1.6 Font defs for Latin Modern
)
LaTeX Font Info:    External font `lmex10' loaded for size
(Font)              <12> on input line 146.
LaTeX Font Info:    External font `lmex10' loaded for size
(Font)              <8> on input line 146.
LaTeX Font Info:    External font `lmex10' loaded for size
(Font)              <6> on input line 146.
LaTeX Font Info:    Try loading font information for U+rsfs on input line 146.

(/usr/share/texlive/texmf-dist/tex/latex/jknapltx/ursfs.fd
File: ursfs.fd 1998/03/24 rsfs font definition file (jk)
)
LaTeX Font Info:    Try loading font information for U+msa on input line 146.

(/usr/share/texlive/texmf-dist/tex/latex/amsfonts/umsa.fd
File: umsa.fd 2013/01/14 v3.01 AMS symbols A
)
LaTeX Font Info:    Try loading font information for U+msb on input line 146.

(/usr/share/texlive/texmf-dist/tex/latex/amsfonts/umsb.fd
File: umsb.fd 2013/01/14 v3.01 AMS symbols B
)
Underfull \hbox (badness 10000) in paragraph at lines 180--180

 []


Underfull \hbox (badness 10000) in paragraph at lines 180--180

 []


Underfull \hbox (badness 10000) in paragraph at lines 180--180

 []

LaTeX Font Info:    Calculating math sizes for size <13> on input line 180.
LaTeX Font Info:    External font `lmex10' loaded for size
(Font)              <13> on input line 180.
LaTeX Font Info:    External font `lmex10' loaded for size
(Font)              <9.09996> on input line 180.
LaTeX Font Info:    External font `lmex10' loaded for size
(Font)              <6.5> on input line 180.

LaTeX Font Warning: Font shape `U/rsfs/m/n' in size <13> not available
(Font)              size <12> substituted on input line 180.


LaTeX Font Warning: Font shape `U/rsfs/m/n' in size <6.5> not available
(Font)              size <6> substituted on input line 180.


Overfull \hbox (234.63033pt too wide) in paragraph at lines 105--181
[]|  [][][][][][] |   [][][][][][] 
 []

[2]
Underfull \hbox (badness 10000) in paragraph at lines 223--223

 []


Underfull \hbox (badness 10000) in paragraph at lines 223--223
\TU/DejaVuSansMono(0)/m/n/12 Debido a que se hará uso de un lab-o-ra-to-rio,
 []


Underfull \hbox (badness 10000) in paragraph at lines 223--223
\TU/DejaVuSansMono(0)/m/n/12 las com-puta-do-ras serán para los proyec-tos de
 []


Underfull \hbox (badness 10000) in paragraph at lines 223--223
[]\TU/DejaVuSansMono(0)/m/n/12 Las per-sonas que fal-ten más de dos ve-ces,
 []


Overfull \vbox (47.08475pt too high) has occurred while \output is active []


[3]
<images/Ayar-3.png, id=38, 1284.8pt x 1284.8pt>
File: images/Ayar-3.png Graphic file (type png)
<use images/Ayar-3.png>
Package luatex.def Info: images/Ayar-3.png  used on input line 240.
(luatex.def)             Requested size: 154.16934pt x 154.16934pt.
<images/linkedin_logo.png, id=40, 513.92pt x 513.92pt>
File: images/linkedin_logo.png Graphic file (type png)
<use images/linkedin_logo.png>
Package luatex.def Info: images/linkedin_logo.png  used on input line 240.
(luatex.def)             Requested size: 20.55328pt x 20.55328pt.
<images/Marco-3.png, id=41, 1284.8pt x 1284.8pt>
File: images/Marco-3.png Graphic file (type png)
<use images/Marco-3.png>
Package luatex.def Info: images/Marco-3.png  used on input line 250.
(luatex.def)             Requested size: 154.16934pt x 154.16934pt.
File: images/linkedin_logo.png Graphic file (type png)
<use images/linkedin_logo.png>
Package luatex.def Info: images/linkedin_logo.png  used on input line 250.
(luatex.def)             Requested size: 20.55328pt x 20.55328pt.
<images/rafa-3.png, id=43, 1284.8pt x 1284.8pt>
File: images/rafa-3.png Graphic file (type png)
<use images/rafa-3.png>
Package luatex.def Info: images/rafa-3.png  used on input line 259.
(luatex.def)             Requested size: 154.16934pt x 154.16934pt.
File: images/linkedin_logo.png Graphic file (type png)
<use images/linkedin_logo.png>
Package luatex.def Info: images/linkedin_logo.png  used on input line 259.
(luatex.def)             Requested size: 20.55328pt x 20.55328pt.

Overfull \hbox (57.809pt too wide) in paragraph at lines 240--263
[][][][][][]
 []


Overfull \hbox (18.55255pt too wide) in paragraph at lines 240--263
|  [][][][][][]
 []


Overfull \hbox (57.809pt too wide) in paragraph at lines 240--263
[][][][][][] 
 []

[4

<./images/Ayar-3.png><./images/linkedin_logo.png><./images/Marco-3.png><./images
/rafa-3.png>]
*geometry* verbose mode - [ newgeometry ] result:
* driver: pdftex
* paper: <default>
* layout: <same size as paper>
* layoutoffset:(h,v)=(0.0pt,0.0pt)
* modes: 
* h-part:(L,W,R)=(0.0pt, 614.295pt, 0.0pt)
* v-part:(T,H,B)=(0.0pt, 794.96999pt, 0.0pt)
* \paperwidth=614.295pt
* \paperheight=794.96999pt
* \textwidth=614.295pt
* \textheight=794.96999pt
* \oddsidemargin=-72.26999pt
* \evensidemargin=-72.26999pt
* \topmargin=-109.26999pt
* \headheight=12.0pt
* \headsep=25.0pt
* \topskip=12.0pt
* \footskip=30.0pt
* \marginparwidth=44.0pt
* \marginparsep=10.0pt
* \columnsep=10.0pt
* \skip\footins=10.8pt plus 4.0pt minus 2.0pt
* \hoffset=0.0pt
* \voffset=0.0pt
* \mag=1000
* \@twocolumnfalse
* \@twosidefalse
* \@mparswitchfalse
* \@reversemarginfalse
* (1in=72.27pt=25.4mm, 1cm=28.453pt)

(load luc: /home/rafael/.texlive2017/texmf-var/luatex-cache/generic/fonts/otl/lm
mono12-regular.luc)
<images/QR_Code_Grupo_La_Paz_School_of_AI.png, id=57, 3011.25pt x 3011.25pt>
File: images/QR_Code_Grupo_La_Paz_School_of_AI.png Graphic file (type png)
<use images/QR_Code_Grupo_La_Paz_School_of_AI.png>
Package luatex.def Info: images/QR_Code_Grupo_La_Paz_School_of_AI.png  used on i
nput line 286.
(luatex.def)             Requested size: 195.73811pt x 195.73811pt.
<images/QR_Code_Formulario.png, id=59, 3011.25pt x 3011.25pt>
File: images/QR_Code_Formulario.png Graphic file (type png)
<use images/QR_Code_Formulario.png>
Package luatex.def Info: images/QR_Code_Formulario.png  used on input line 286.
(luatex.def)             Requested size: 195.73811pt x 195.73811pt.
LaTeX Font Info:    Calculating math sizes for size <17> on input line 286.
LaTeX Font Info:    External font `lmex10' loaded for size
(Font)              <17> on input line 286.
LaTeX Font Info:    External font `lmex10' loaded for size
(Font)              <11.89995> on input line 286.
LaTeX Font Info:    External font `lmex10' loaded for size
(Font)              <8.5> on input line 286.


LaTeX Font Warning: Font shape `U/rsfs/m/n' in size <8.5> not available
(Font)              size <8> substituted on input line 286.

File: images/pie-transparente.png Graphic file (type png)
<use images/pie-transparente.png>
Package luatex.def Info: images/pie-transparente.png  used on input line 288.
(luatex.def)             Requested size: 578.15344pt x 76.60532pt.

Overfull \hbox (61.00941pt too wide) in paragraph at lines 266--289
[]|  [][][][][][]
 []


Overfull \hbox (6.0pt too wide) in paragraph at lines 266--289
[][][][][][] 
 []

[5

<./images/QR_Code_Grupo_La_Paz_School_of_AI.png><./images/QR_Code_Formulario.png
>]
*geometry* verbose mode - [ newgeometry ] result:
* driver: pdftex
* paper: <default>
* layout: <same size as paper>
* layoutoffset:(h,v)=(0.0pt,0.0pt)
* modes: 
* h-part:(L,W,R)=(0.0pt, 614.295pt, 0.0pt)
* v-part:(T,H,B)=(0.0pt, 794.96999pt, 0.0pt)
* \paperwidth=614.295pt
* \paperheight=794.96999pt
* \textwidth=614.295pt
* \textheight=794.96999pt
* \oddsidemargin=-72.26999pt
* \evensidemargin=-72.26999pt
* \topmargin=-109.26999pt
* \headheight=12.0pt
* \headsep=25.0pt
* \topskip=12.0pt
* \footskip=30.0pt
* \marginparwidth=44.0pt
* \marginparsep=10.0pt
* \columnsep=10.0pt
* \skip\footins=10.8pt plus 4.0pt minus 2.0pt
* \hoffset=0.0pt
* \voffset=0.0pt
* \mag=1000
* \@twocolumnfalse
* \@twosidefalse
* \@mparswitchfalse
* \@reversemarginfalse
* (1in=72.27pt=25.4mm, 1cm=28.453pt)

<images/ESTADISTICA.png, id=68, 1111.90407pt x 675.27281pt>
File: images/ESTADISTICA.png Graphic file (type png)
<use images/ESTADISTICA.png>
Package luatex.def Info: images/ESTADISTICA.png  used on input line 310.
(luatex.def)             Requested size: 177.90828pt x 108.04585pt.
<images/INFORMATICA.png, id=69, 166.6225pt x 168.63pt>
File: images/INFORMATICA.png Graphic file (type png)
<use images/INFORMATICA.png>
Package luatex.def Info: images/INFORMATICA.png  used on input line 310.
(luatex.def)             Requested size: 108.30333pt x 109.60818pt.
<images/CEFAC.png, id=70, 721.94719pt x 511.15968pt>
File: images/CEFAC.png Graphic file (type png)
<use images/CEFAC.png>
Package luatex.def Info: images/CEFAC.png  used on input line 310.
(luatex.def)             Requested size: 129.94489pt x 92.00476pt.
File: images/pie-transparente.png Graphic file (type png)
<use images/pie-transparente.png>
Package luatex.def Info: images/pie-transparente.png  used on input line 312.
(luatex.def)             Requested size: 578.15344pt x 76.60532pt.

Overfull \hbox (0.68126pt too wide) in paragraph at lines 293--313
[] [][][][][][]
 []


Overfull \hbox (6.0pt too wide) in paragraph at lines 293--313
[][][][][][] 
 []

[6

<./images/ESTADISTICA.png><./images/INFORMATICA.png><./images/CEFAC.png>]
Package atveryend Info: Empty hook `BeforeClearDocument' on input line 315.
Package atveryend Info: Empty hook `AfterLastShipout' on input line 315.

("./folleto - fuentes.aux")
Package atveryend Info: Executing hook `AtVeryEndDocument' on input line 315.
Package atveryend Info: Executing hook `AtEndAfterFileList' on input line 315.
Package rerunfilecheck Info: File `"folleto - fuentes".out' has not changed.
(rerunfilecheck)             Checksum: <no file>.


LaTeX Font Warning: Size substitutions with differences
(Font)              up to 1.0pt have occurred.

Package atveryend Info: Empty hook `AtVeryVeryEnd' on input line 315.
)

Here is how much of LuaTeX's memory you used:
 28706 strings out of 494480
 100000,953878 words of node,token memory allocated
 493 words of node memory still in use:
   6 hlist, 2 vlist, 2 rule, 2 glue, 1 kern, 6 attribute, 59 glue_spec, 6 attrib
ute_list, 1 write nodes
   avail lists: 1:1,2:526,3:144,4:75,5:76,6:583,7:511,8:27,9:188,10:11,11:59
 31426 multiletter control sequences out of 65536+600000
 113 fonts using 21974063 bytes
 48i,12n,66p,428b,516s stack positions out of 5000i,500n,10000p,200000b,100000s
</usr/share/texmf/fonts/opentype/public/lm/lmmono12-regular.otf></usr/share/texl
ive/texmf-dist/fonts/truetype/typoland/lato/Lato-Regular.ttf></usr/share/texlive
/texmf-dist/fonts/truetype/public/droid/DroidSansMono.ttf></usr/share/texlive/te
xmf-dist/fonts/opentype/adobe/sourcecodepro/SourceCodePro-Bold.otf></usr/share/t
exmf/fonts/opentype/public/lm/lmroman12-bold.otf></usr/share/texlive/texmf-dist/
fonts/truetype/public/dejavu/DejaVuSansMono-Bold.ttf></usr/share/texlive/texmf-d
ist/fonts/truetype/public/dejavu/DejaVuSansMono.ttf></usr/share/texlive/texmf-di
st/fonts/truetype/typoland/lato/Lato-Bold.ttf></usr/share/texmf/fonts/opentype/p
ublic/lm/lmroman12-regular.otf></usr/share/texlive/texmf-dist/fonts/opentype/pub
lic/gfsdidot/GFSDidot.otf>
Output written on folleto - fuentes.pdf (6 pages, 2305138 bytes).

PDF statistics: 143 PDF objects out of 1000 (max. 8388607)
 84 compressed objects within 1 object stream
 17 named destinations out of 1000 (max. 131072)
 16 words of extra memory for PDF output out of 10000 (max. 100000000)

